<?xml version="1.0" encoding="UTF-8"?>
<!-- Generated by org.testng.reporters.JUnitXMLReporter -->
<testsuite hostname="ashish-PC" name="Test B1" tests="3" failures="0" timestamp="8 Mar 2015 04:23:02 GMT" time="0.199" errors="0">
  <testcase name="testB1" time="0.068" classname="com.qtpselenium.framework.suiteB.TestB1">
    <skipped/>
  </testcase> <!-- testB1 -->
  <testcase name="testB1" time="0.057" classname="com.qtpselenium.framework.suiteB.TestB1">
    <skipped/>
  </testcase> <!-- testB1 -->
  <testcase name="testB1" time="0.033" classname="com.qtpselenium.framework.suiteB.TestB1">
    <skipped/>
  </testcase> <!-- testB1 -->
</testsuite> <!-- Test B1 -->
