<?xml version="1.0" encoding="UTF-8"?>
<!-- Generated by org.testng.reporters.JUnitXMLReporter -->
<testsuite hostname="a-0d60a2f203f14" name="Test the total in cart" tests="1" failures="0" timestamp="21 Nov 2011 01:16:06 GMT" time="0.0" errors="0">
  <testcase name="@BeforeTest checkTestSkip" time="0.0" classname="com.qtpselenium.suite.cart.CheckTotalPrice">
    <skipped/>
  </testcase>
  <testcase name="testcaseB2" time="0.0" classname="com.qtpselenium.suite.cart.CheckTotalPrice">
    <skipped/>
  </testcase>
</testsuite>
