<?xml version="1.0" encoding="UTF-8"?>
<testng-results skipped="0" failed="0" total="1" passed="1">
  <reporter-output>
  </reporter-output>
  <suite name="Default suite" duration-ms="57844" started-at="2013-03-22T10:59:39Z" finished-at="2013-03-22T11:00:37Z">
    <groups>
    </groups>
    <test name="Default test" duration-ms="57844" started-at="2013-03-22T10:59:39Z" finished-at="2013-03-22T11:00:37Z">
      <class name="Salesforce_Lead">
        <test-method status="PASS" signature="createLead()[pri:0, instance:Salesforce_Lead@16091de]" name="createLead" duration-ms="57828" started-at="2013-03-22T10:59:39Z" finished-at="2013-03-22T11:00:37Z">
        </test-method> <!-- createLead -->
      </class> <!-- Salesforce_Lead -->
    </test> <!-- Default test -->
  </suite> <!-- Default suite -->
</testng-results>
