<?xml version="1.0" encoding="UTF-8"?>
<!-- Generated by org.testng.reporters.JUnitXMLReporter -->
<testsuite hostname="ashish-PC" name="Test B2" tests="2" failures="0" timestamp="4 Mar 2015 03:09:55 GMT" time="0.178" errors="0">
  <testcase name="testB2" time="0.102" classname="com.qtpselenium.framework.suiteB.TestB2">
    <skipped/>
  </testcase> <!-- testB2 -->
  <testcase name="testB2" time="0.04" classname="com.qtpselenium.framework.suiteB.TestB2">
    <skipped/>
  </testcase> <!-- testB2 -->
</testsuite> <!-- Test B2 -->
