<?xml version="1.0" encoding="UTF-8"?>
<!-- Generated by org.testng.reporters.JUnitXMLReporter -->
<testsuite hostname="ashish-PC" name="PortFolio Test" tests="6" failures="0" timestamp="13 Mar 2015 03:19:24 GMT" time="1.015" errors="0">
  <testcase name="createPortFolioTest" time="0.162" classname="com.qtpselenium.framework.suiteA.PortFolioTest"/>
  <testcase name="createPortFolioTest" time="0.172" classname="com.qtpselenium.framework.suiteA.PortFolioTest"/>
  <testcase name="renamePortFolioTest" time="0.073" classname="com.qtpselenium.framework.suiteA.PortFolioTest">
    <skipped/>
  </testcase> <!-- renamePortFolioTest -->
  <testcase name="renamePortFolioTest" time="0.123" classname="com.qtpselenium.framework.suiteA.PortFolioTest">
    <skipped/>
  </testcase> <!-- renamePortFolioTest -->
  <testcase name="deletePortFolioTest" time="0.08" classname="com.qtpselenium.framework.suiteA.PortFolioTest">
    <skipped/>
  </testcase> <!-- deletePortFolioTest -->
  <testcase name="deletePortFolioTest" time="0.08" classname="com.qtpselenium.framework.suiteA.PortFolioTest">
    <skipped/>
  </testcase> <!-- deletePortFolioTest -->
</testsuite> <!-- PortFolio Test -->
