<?xml version="1.0" encoding="UTF-8"?>
<!-- Generated by org.testng.reporters.JUnitXMLReporter -->
<testsuite hostname="ashish-PC" name="Test A2" tests="3" failures="0" timestamp="4 Mar 2015 03:09:55 GMT" time="0.21" errors="0">
  <testcase name="testA2" time="0.08" classname="com.qtpselenium.framework.suiteA.TestA2">
    <skipped/>
  </testcase> <!-- testA2 -->
  <testcase name="testA2" time="0.04" classname="com.qtpselenium.framework.suiteA.TestA2">
    <skipped/>
  </testcase> <!-- testA2 -->
  <testcase name="testA2" time="0.04" classname="com.qtpselenium.framework.suiteA.TestA2">
    <skipped/>
  </testcase> <!-- testA2 -->
</testsuite> <!-- Test A2 -->
