<?xml version="1.0" encoding="UTF-8"?>
<testng-results skipped="0" failed="0" total="1" passed="1">
  <reporter-output>
  </reporter-output>
  <suite name="com.appium.mavensampleJigs.WhatsAppTest" duration-ms="36035" started-at="2015-08-16T02:46:09Z" finished-at="2015-08-16T02:46:45Z">
    <groups>
    </groups>
    <test name="Command line test" duration-ms="36035" started-at="2015-08-16T02:46:09Z" finished-at="2015-08-16T02:46:45Z">
      <class name="com.appium.mavensampleJigs.WhatsAppTest">
        <test-method status="PASS" signature="testApp()" name="testApp" duration-ms="29262" started-at="2015-08-16T02:46:09Z" finished-at="2015-08-16T02:46:38Z">
        </test-method>
        <test-method status="PASS" signature="quit()" name="quit" is-config="true" duration-ms="6763" started-at="2015-08-16T02:46:38Z" finished-at="2015-08-16T02:46:45Z">
        </test-method>
      </class>
    </test>
  </suite>
</testng-results>
