<?xml version="1.0" encoding="UTF-8"?>
<testng-results skipped="0" failed="0" total="1" passed="1">
  <reporter-output>
  </reporter-output>
  <suite name="Default suite" duration-ms="13845" started-at="2014-11-23T09:53:23Z" finished-at="2014-11-23T09:53:36Z">
    <groups>
    </groups>
    <test name="Default test" duration-ms="13845" started-at="2014-11-23T09:53:23Z" finished-at="2014-11-23T09:53:36Z">
      <class name="MultiToch_Ex">
        <test-method status="PASS" signature="testApp()[pri:0, instance:MultiToch_Ex@28864e92]" name="testApp" duration-ms="13833" started-at="2014-11-23T15:23:23Z" finished-at="2014-11-23T15:23:36Z">
          <reporter-output>
          </reporter-output>
        </test-method> <!-- testApp -->
        <test-method status="PASS" signature="quit()[pri:0, instance:MultiToch_Ex@28864e92]" name="quit" is-config="true" duration-ms="1" started-at="2014-11-23T15:23:36Z" finished-at="2014-11-23T15:23:36Z">
          <reporter-output>
          </reporter-output>
        </test-method> <!-- quit -->
      </class> <!-- MultiToch_Ex -->
    </test> <!-- Default test -->
  </suite> <!-- Default suite -->
</testng-results>
