<?xml version="1.0" encoding="UTF-8"?>
<!-- Generated by org.testng.reporters.JUnitXMLReporter -->
<testsuite hostname="whizdom" name="Default test" tests="3" failures="0" timestamp="6 Aug 2014 03:00:32 GMT" time="1.14" errors="0">
  <testcase name="test1" time="0.078" classname="com.qtpselenium.framework.datadriven.suiteA.Test1"/>
  <testcase name="test1" time="0.078" classname="com.qtpselenium.framework.datadriven.suiteA.Test1">
    <skipped/>
  </testcase> <!-- test1 -->
  <testcase name="test1" time="0.047" classname="com.qtpselenium.framework.datadriven.suiteA.Test1"/>
</testsuite> <!-- Default test -->
